{"/Users/marvin/soft/ff-engine/src/buildEvaluationMachine.ts": {"path":"/Users/marvin/soft/ff-engine/src/buildEvaluationMachine.ts","all":false,"statementMap":{"0":{"start":{"line":1,"column":0},"end":{"line":1,"column":46}},"8":{"start":{"line":9,"column":0},"end":{"line":9,"column":39}},"9":{"start":{"line":10,"column":0},"end":{"line":10,"column":34}},"10":{"start":{"line":11,"column":0},"end":{"line":11,"column":38}},"11":{"start":{"line":12,"column":0},"end":{"line":12,"column":25}},"12":{"start":{"line":13,"column":0},"end":{"line":13,"column":64}},"14":{"start":{"line":15,"column":0},"end":{"line":15,"column":41}},"15":{"start":{"line":16,"column":0},"end":{"line":16,"column":66}},"16":{"start":{"line":17,"column":0},"end":{"line":17,"column":34}},"17":{"start":{"line":18,"column":0},"end":{"line":18,"column":55}},"19":{"start":{"line":20,"column":0},"end":{"line":20,"column":56}},"20":{"start":{"line":21,"column":0},"end":{"line":21,"column":4}},"22":{"start":{"line":23,"column":0},"end":{"line":23,"column":29}},"23":{"start":{"line":24,"column":0},"end":{"line":24,"column":34}},"25":{"start":{"line":26,"column":0},"end":{"line":26,"column":43}},"26":{"start":{"line":27,"column":0},"end":{"line":27,"column":32}},"27":{"start":{"line":28,"column":0},"end":{"line":28,"column":39}},"28":{"start":{"line":29,"column":0},"end":{"line":29,"column":56}},"29":{"start":{"line":30,"column":0},"end":{"line":30,"column":18}},"30":{"start":{"line":31,"column":0},"end":{"line":31,"column":5}},"32":{"start":{"line":33,"column":0},"end":{"line":33,"column":20}},"33":{"start":{"line":34,"column":0},"end":{"line":34,"column":4}},"35":{"start":{"line":36,"column":0},"end":{"line":36,"column":77}},"36":{"start":{"line":37,"column":0},"end":{"line":37,"column":46}},"37":{"start":{"line":38,"column":0},"end":{"line":38,"column":4}},"39":{"start":{"line":40,"column":0},"end":{"line":40,"column":57}},"40":{"start":{"line":41,"column":0},"end":{"line":41,"column":2}}},"s":{"0":1,"8":1,"9":8,"10":8,"11":8,"12":8,"14":8,"15":0,"16":0,"17":0,"19":0,"20":0,"22":8,"23":8,"25":8,"26":8,"27":8,"28":7,"29":1,"30":8,"32":8,"33":8,"35":8,"36":0,"37":0,"39":8,"40":8},"branchMap":{"0":{"type":"branch","line":9,"loc":{"start":{"line":9,"column":38},"end":{"line":41,"column":2}},"locations":[{"start":{"line":9,"column":38},"end":{"line":41,"column":2}}]},"1":{"type":"branch","line":23,"loc":{"start":{"line":23,"column":22},"end":{"line":34,"column":4}},"locations":[{"start":{"line":23,"column":22},"end":{"line":34,"column":4}}]},"2":{"type":"branch","line":28,"loc":{"start":{"line":28,"column":30},"end":{"line":29,"column":56}},"locations":[{"start":{"line":28,"column":30},"end":{"line":29,"column":56}}]},"3":{"type":"branch","line":29,"loc":{"start":{"line":29,"column":55},"end":{"line":30,"column":18}},"locations":[{"start":{"line":29,"column":55},"end":{"line":30,"column":18}}]}},"b":{"0":[8],"1":[8],"2":[7],"3":[1]},"fnMap":{"0":{"name":"buildEvaluationMachine","decl":{"start":{"line":9,"column":38},"end":{"line":41,"column":2}},"loc":{"start":{"line":9,"column":38},"end":{"line":41,"column":2}},"line":9},"1":{"name":"evaluate","decl":{"start":{"line":15,"column":19},"end":{"line":21,"column":4}},"loc":{"start":{"line":15,"column":19},"end":{"line":21,"column":4}},"line":15},"2":{"name":"evaluateAll","decl":{"start":{"line":23,"column":22},"end":{"line":34,"column":4}},"loc":{"start":{"line":23,"column":22},"end":{"line":34,"column":4}},"line":23},"3":{"name":"setUserConfiguration","decl":{"start":{"line":36,"column":31},"end":{"line":38,"column":4}},"loc":{"start":{"line":36,"column":31},"end":{"line":38,"column":4}},"line":36}},"f":{"0":8,"1":0,"2":8,"3":0}}
,"/Users/marvin/soft/ff-engine/src/evaluateFlag.ts": {"path":"/Users/marvin/soft/ff-engine/src/evaluateFlag.ts","all":false,"statementMap":{"0":{"start":{"line":1,"column":0},"end":{"line":1,"column":60}},"1":{"start":{"line":2,"column":0},"end":{"line":2,"column":66}},"4":{"start":{"line":5,"column":0},"end":{"line":5,"column":29}},"5":{"start":{"line":6,"column":0},"end":{"line":6,"column":32}},"6":{"start":{"line":7,"column":0},"end":{"line":7,"column":38}},"7":{"start":{"line":8,"column":0},"end":{"line":8,"column":6}},"8":{"start":{"line":9,"column":0},"end":{"line":9,"column":54}},"10":{"start":{"line":11,"column":0},"end":{"line":11,"column":78}},"11":{"start":{"line":12,"column":0},"end":{"line":12,"column":38}},"12":{"start":{"line":13,"column":0},"end":{"line":13,"column":58}},"14":{"start":{"line":15,"column":0},"end":{"line":15,"column":41}},"15":{"start":{"line":16,"column":0},"end":{"line":16,"column":21}},"16":{"start":{"line":17,"column":0},"end":{"line":17,"column":26}},"17":{"start":{"line":18,"column":0},"end":{"line":18,"column":4}},"19":{"start":{"line":20,"column":0},"end":{"line":20,"column":35}},"21":{"start":{"line":22,"column":0},"end":{"line":22,"column":15}},"22":{"start":{"line":23,"column":0},"end":{"line":23,"column":2}}},"s":{"0":1,"1":1,"4":1,"5":7,"6":7,"7":7,"8":7,"10":6,"11":7,"12":7,"14":4,"15":4,"16":4,"17":4,"19":4,"21":0,"22":0},"branchMap":{"0":{"type":"branch","line":5,"loc":{"start":{"line":5,"column":28},"end":{"line":23,"column":2}},"locations":[{"start":{"line":5,"column":28},"end":{"line":23,"column":2}}]},"1":{"type":"branch","line":9,"loc":{"start":{"line":9,"column":42},"end":{"line":9,"column":54}},"locations":[{"start":{"line":9,"column":42},"end":{"line":9,"column":54}}]},"2":{"type":"branch","line":9,"loc":{"start":{"line":9,"column":49},"end":{"line":12,"column":32}},"locations":[{"start":{"line":9,"column":49},"end":{"line":12,"column":32}}]},"3":{"type":"branch","line":12,"loc":{"start":{"line":12,"column":25},"end":{"line":12,"column":38}},"locations":[{"start":{"line":12,"column":25},"end":{"line":12,"column":38}}]},"4":{"type":"branch","line":12,"loc":{"start":{"line":12,"column":32},"end":{"line":13,"column":53}},"locations":[{"start":{"line":12,"column":32},"end":{"line":13,"column":53}}]},"5":{"type":"branch","line":13,"loc":{"start":{"line":13,"column":46},"end":{"line":13,"column":58}},"locations":[{"start":{"line":13,"column":46},"end":{"line":13,"column":58}}]},"6":{"type":"branch","line":13,"loc":{"start":{"line":13,"column":53},"end":{"line":20,"column":35}},"locations":[{"start":{"line":13,"column":53},"end":{"line":20,"column":35}}]},"7":{"type":"branch","line":20,"loc":{"start":{"line":20,"column":30},"end":{"line":23,"column":2}},"locations":[{"start":{"line":20,"column":30},"end":{"line":23,"column":2}}]}},"b":{"0":[7],"1":[1],"2":[6],"3":[1],"4":[5],"5":[1],"6":[4],"7":[0]},"fnMap":{"0":{"name":"evaluateFlag","decl":{"start":{"line":5,"column":28},"end":{"line":23,"column":2}},"loc":{"start":{"line":5,"column":28},"end":{"line":23,"column":2}},"line":5}},"f":{"0":7}}
,"/Users/marvin/soft/ff-engine/src/getEligibleStrategy.ts": {"path":"/Users/marvin/soft/ff-engine/src/getEligibleStrategy.ts","all":false,"statementMap":{"2":{"start":{"line":3,"column":0},"end":{"line":3,"column":31}},"3":{"start":{"line":4,"column":0},"end":{"line":4,"column":21}},"4":{"start":{"line":5,"column":0},"end":{"line":5,"column":38}},"5":{"start":{"line":6,"column":0},"end":{"line":6,"column":6}},"6":{"start":{"line":7,"column":0},"end":{"line":7,"column":47}},"8":{"start":{"line":9,"column":0},"end":{"line":9,"column":41}},"9":{"start":{"line":10,"column":0},"end":{"line":10,"column":28}},"10":{"start":{"line":11,"column":0},"end":{"line":11,"column":20}},"11":{"start":{"line":12,"column":0},"end":{"line":12,"column":60}},"13":{"start":{"line":14,"column":0},"end":{"line":14,"column":24}},"14":{"start":{"line":15,"column":0},"end":{"line":15,"column":60}},"16":{"start":{"line":17,"column":0},"end":{"line":17,"column":28}},"17":{"start":{"line":18,"column":0},"end":{"line":18,"column":57}},"19":{"start":{"line":20,"column":0},"end":{"line":20,"column":16}},"20":{"start":{"line":21,"column":0},"end":{"line":21,"column":43}},"21":{"start":{"line":22,"column":0},"end":{"line":22,"column":43}},"22":{"start":{"line":23,"column":0},"end":{"line":23,"column":33}},"24":{"start":{"line":25,"column":0},"end":{"line":25,"column":7}},"26":{"start":{"line":27,"column":0},"end":{"line":27,"column":25}},"27":{"start":{"line":28,"column":0},"end":{"line":28,"column":57}},"29":{"start":{"line":30,"column":0},"end":{"line":30,"column":16}},"30":{"start":{"line":31,"column":0},"end":{"line":31,"column":43}},"31":{"start":{"line":32,"column":0},"end":{"line":32,"column":43}},"32":{"start":{"line":33,"column":0},"end":{"line":33,"column":33}},"34":{"start":{"line":35,"column":0},"end":{"line":35,"column":7}},"36":{"start":{"line":37,"column":0},"end":{"line":37,"column":24}},"37":{"start":{"line":38,"column":0},"end":{"line":38,"column":57}},"39":{"start":{"line":40,"column":0},"end":{"line":40,"column":16}},"40":{"start":{"line":41,"column":0},"end":{"line":41,"column":43}},"41":{"start":{"line":42,"column":0},"end":{"line":42,"column":43}},"42":{"start":{"line":43,"column":0},"end":{"line":43,"column":41}},"44":{"start":{"line":45,"column":0},"end":{"line":45,"column":7}},"46":{"start":{"line":47,"column":0},"end":{"line":47,"column":28}},"47":{"start":{"line":48,"column":0},"end":{"line":48,"column":57}},"49":{"start":{"line":50,"column":0},"end":{"line":50,"column":16}},"50":{"start":{"line":51,"column":0},"end":{"line":51,"column":43}},"51":{"start":{"line":52,"column":0},"end":{"line":52,"column":43}},"52":{"start":{"line":53,"column":0},"end":{"line":53,"column":42}},"54":{"start":{"line":55,"column":0},"end":{"line":55,"column":7}},"56":{"start":{"line":57,"column":0},"end":{"line":57,"column":14}},"57":{"start":{"line":58,"column":0},"end":{"line":58,"column":21}},"58":{"start":{"line":59,"column":0},"end":{"line":59,"column":5}},"59":{"start":{"line":60,"column":0},"end":{"line":60,"column":5}},"60":{"start":{"line":61,"column":0},"end":{"line":61,"column":2}},"62":{"start":{"line":63,"column":0},"end":{"line":63,"column":36}},"63":{"start":{"line":64,"column":0},"end":{"line":64,"column":32}},"64":{"start":{"line":65,"column":0},"end":{"line":65,"column":38}},"65":{"start":{"line":66,"column":0},"end":{"line":66,"column":6}},"66":{"start":{"line":67,"column":0},"end":{"line":67,"column":49}},"67":{"start":{"line":68,"column":0},"end":{"line":68,"column":54}},"68":{"start":{"line":69,"column":0},"end":{"line":69,"column":4}},"69":{"start":{"line":70,"column":0},"end":{"line":70,"column":2}}},"s":{"2":1,"3":9,"4":9,"5":9,"6":9,"8":7,"9":10,"10":10,"11":3,"13":10,"14":0,"16":10,"17":0,"19":0,"20":0,"21":0,"22":0,"24":0,"26":10,"27":0,"29":0,"30":0,"31":0,"32":0,"34":0,"36":10,"37":7,"39":7,"40":7,"41":6,"42":6,"44":7,"46":10,"47":0,"49":0,"50":0,"51":0,"52":0,"54":0,"56":10,"57":0,"58":10,"59":7,"60":7,"62":1,"63":6,"64":6,"65":6,"66":6,"67":9,"68":6,"69":6},"branchMap":{"0":{"type":"branch","line":3,"loc":{"start":{"line":3,"column":30},"end":{"line":61,"column":2}},"locations":[{"start":{"line":3,"column":30},"end":{"line":61,"column":2}}]},"1":{"type":"branch","line":7,"loc":{"start":{"line":7,"column":35},"end":{"line":7,"column":47}},"locations":[{"start":{"line":7,"column":35},"end":{"line":7,"column":47}}]},"2":{"type":"branch","line":7,"loc":{"start":{"line":7,"column":42},"end":{"line":61,"column":2}},"locations":[{"start":{"line":7,"column":42},"end":{"line":61,"column":2}}]},"3":{"type":"branch","line":9,"loc":{"start":{"line":9,"column":30},"end":{"line":60,"column":3}},"locations":[{"start":{"line":9,"column":30},"end":{"line":60,"column":3}}]},"4":{"type":"branch","line":11,"loc":{"start":{"line":11,"column":6},"end":{"line":12,"column":60}},"locations":[{"start":{"line":11,"column":6},"end":{"line":12,"column":60}}]},"5":{"type":"branch","line":14,"loc":{"start":{"line":14,"column":6},"end":{"line":15,"column":60}},"locations":[{"start":{"line":14,"column":6},"end":{"line":15,"column":60}}]},"6":{"type":"branch","line":17,"loc":{"start":{"line":17,"column":6},"end":{"line":25,"column":7}},"locations":[{"start":{"line":17,"column":6},"end":{"line":25,"column":7}}]},"7":{"type":"branch","line":27,"loc":{"start":{"line":27,"column":6},"end":{"line":35,"column":7}},"locations":[{"start":{"line":27,"column":6},"end":{"line":35,"column":7}}]},"8":{"type":"branch","line":37,"loc":{"start":{"line":37,"column":6},"end":{"line":45,"column":7}},"locations":[{"start":{"line":37,"column":6},"end":{"line":45,"column":7}}]},"9":{"type":"branch","line":41,"loc":{"start":{"line":41,"column":32},"end":{"line":42,"column":43}},"locations":[{"start":{"line":41,"column":32},"end":{"line":42,"column":43}}]},"10":{"type":"branch","line":42,"loc":{"start":{"line":42,"column":32},"end":{"line":43,"column":41}},"locations":[{"start":{"line":42,"column":32},"end":{"line":43,"column":41}}]},"11":{"type":"branch","line":47,"loc":{"start":{"line":47,"column":6},"end":{"line":55,"column":7}},"locations":[{"start":{"line":47,"column":6},"end":{"line":55,"column":7}}]},"12":{"type":"branch","line":57,"loc":{"start":{"line":57,"column":6},"end":{"line":58,"column":21}},"locations":[{"start":{"line":57,"column":6},"end":{"line":58,"column":21}}]},"13":{"type":"branch","line":63,"loc":{"start":{"line":63,"column":35},"end":{"line":70,"column":2}},"locations":[{"start":{"line":63,"column":35},"end":{"line":70,"column":2}}]},"14":{"type":"branch","line":67,"loc":{"start":{"line":67,"column":36},"end":{"line":68,"column":54}},"locations":[{"start":{"line":67,"column":36},"end":{"line":68,"column":54}}]}},"b":{"0":[9],"1":[2],"2":[7],"3":[10],"4":[3],"5":[0],"6":[0],"7":[0],"8":[7],"9":[6],"10":[6],"11":[0],"12":[0],"13":[6],"14":[9]},"fnMap":{"0":{"name":"isEligibleForStrategy","decl":{"start":{"line":3,"column":30},"end":{"line":61,"column":2}},"loc":{"start":{"line":3,"column":30},"end":{"line":61,"column":2}},"line":3},"1":{"name":"getEligibleStrategy","decl":{"start":{"line":63,"column":35},"end":{"line":70,"column":2}},"loc":{"start":{"line":63,"column":35},"end":{"line":70,"column":2}},"line":63}},"f":{"0":9,"1":6}}
,"/Users/marvin/soft/ff-engine/src/index.ts": {"path":"/Users/marvin/soft/ff-engine/src/index.ts","all":true,"statementMap":{"0":{"start":{"line":1,"column":0},"end":{"line":1,"column":66}},"3":{"start":{"line":4,"column":0},"end":{"line":4,"column":41}},"4":{"start":{"line":5,"column":0},"end":{"line":5,"column":3}},"5":{"start":{"line":6,"column":0},"end":{"line":6,"column":24}},"6":{"start":{"line":7,"column":0},"end":{"line":7,"column":22}},"7":{"start":{"line":8,"column":0},"end":{"line":8,"column":17}},"8":{"start":{"line":9,"column":0},"end":{"line":9,"column":7}},"9":{"start":{"line":10,"column":0},"end":{"line":10,"column":24}},"10":{"start":{"line":11,"column":0},"end":{"line":11,"column":18}},"11":{"start":{"line":12,"column":0},"end":{"line":12,"column":19}},"12":{"start":{"line":13,"column":0},"end":{"line":13,"column":43}},"13":{"start":{"line":14,"column":0},"end":{"line":14,"column":37}},"14":{"start":{"line":15,"column":0},"end":{"line":15,"column":10}},"15":{"start":{"line":16,"column":0},"end":{"line":16,"column":8}},"16":{"start":{"line":17,"column":0},"end":{"line":17,"column":6}},"17":{"start":{"line":18,"column":0},"end":{"line":18,"column":4}},"18":{"start":{"line":19,"column":0},"end":{"line":19,"column":2}},"20":{"start":{"line":21,"column":0},"end":{"line":21,"column":68}},"22":{"start":{"line":23,"column":0},"end":{"line":23,"column":36}}},"s":{"0":0,"3":0,"4":0,"5":0,"6":0,"7":0,"8":0,"9":0,"10":0,"11":0,"12":0,"13":0,"14":0,"15":0,"16":0,"17":0,"18":0,"20":0,"22":0},"branchMap":{"0":{"type":"branch","line":1,"loc":{"start":{"line":1,"column":0},"end":{"line":23,"column":22}},"locations":[{"start":{"line":1,"column":0},"end":{"line":23,"column":22}}]}},"b":{"0":[0]},"fnMap":{"0":{"name":"(empty-report)","decl":{"start":{"line":1,"column":0},"end":{"line":23,"column":22}},"loc":{"start":{"line":1,"column":0},"end":{"line":23,"column":22}},"line":1}},"f":{"0":0}}
,"/Users/marvin/soft/ff-engine/src/resolveStrategyVariant.ts": {"path":"/Users/marvin/soft/ff-engine/src/resolveStrategyVariant.ts","all":false,"statementMap":{"0":{"start":{"line":1,"column":0},"end":{"line":1,"column":40}},"3":{"start":{"line":4,"column":0},"end":{"line":4,"column":35}},"5":{"start":{"line":6,"column":0},"end":{"line":6,"column":66}},"6":{"start":{"line":7,"column":0},"end":{"line":7,"column":53}},"7":{"start":{"line":8,"column":0},"end":{"line":8,"column":38}},"8":{"start":{"line":9,"column":0},"end":{"line":9,"column":55}},"10":{"start":{"line":11,"column":0},"end":{"line":11,"column":46}},"11":{"start":{"line":12,"column":0},"end":{"line":12,"column":19}},"12":{"start":{"line":13,"column":0},"end":{"line":13,"column":3}},"14":{"start":{"line":15,"column":0},"end":{"line":15,"column":19}},"15":{"start":{"line":16,"column":0},"end":{"line":16,"column":2}},"17":{"start":{"line":18,"column":0},"end":{"line":18,"column":80}},"18":{"start":{"line":19,"column":0},"end":{"line":19,"column":58}},"20":{"start":{"line":21,"column":0},"end":{"line":21,"column":53}},"21":{"start":{"line":22,"column":0},"end":{"line":22,"column":39}},"22":{"start":{"line":23,"column":0},"end":{"line":23,"column":4}},"24":{"start":{"line":25,"column":0},"end":{"line":25,"column":30}},"25":{"start":{"line":26,"column":0},"end":{"line":26,"column":15}},"26":{"start":{"line":27,"column":0},"end":{"line":27,"column":2}}},"s":{"0":1,"3":1,"5":1,"6":6,"7":6,"8":6,"10":6,"11":4,"12":4,"14":2,"15":2,"17":1,"18":4,"20":4,"21":6,"22":4,"24":4,"25":0,"26":0},"branchMap":{"0":{"type":"branch","line":6,"loc":{"start":{"line":6,"column":26},"end":{"line":16,"column":2}},"locations":[{"start":{"line":6,"column":26},"end":{"line":16,"column":2}}]},"1":{"type":"branch","line":11,"loc":{"start":{"line":11,"column":45},"end":{"line":13,"column":3}},"locations":[{"start":{"line":11,"column":45},"end":{"line":13,"column":3}}]},"2":{"type":"branch","line":13,"loc":{"start":{"line":13,"column":2},"end":{"line":16,"column":2}},"locations":[{"start":{"line":13,"column":2},"end":{"line":16,"column":2}}]},"3":{"type":"branch","line":18,"loc":{"start":{"line":18,"column":38},"end":{"line":27,"column":2}},"locations":[{"start":{"line":18,"column":38},"end":{"line":27,"column":2}}]},"4":{"type":"branch","line":25,"loc":{"start":{"line":25,"column":22},"end":{"line":27,"column":2}},"locations":[{"start":{"line":25,"column":22},"end":{"line":27,"column":2}}]},"5":{"type":"branch","line":19,"loc":{"start":{"line":19,"column":25},"end":{"line":19,"column":56}},"locations":[{"start":{"line":19,"column":25},"end":{"line":19,"column":56}}]},"6":{"type":"branch","line":21,"loc":{"start":{"line":21,"column":41},"end":{"line":22,"column":39}},"locations":[{"start":{"line":21,"column":41},"end":{"line":22,"column":39}}]}},"b":{"0":[6],"1":[4],"2":[2],"3":[4],"4":[0],"5":[4],"6":[6]},"fnMap":{"0":{"name":"isMatchingVariant","decl":{"start":{"line":6,"column":26},"end":{"line":16,"column":2}},"loc":{"start":{"line":6,"column":26},"end":{"line":16,"column":2}},"line":6},"1":{"name":"resolveStrategyVariant","decl":{"start":{"line":18,"column":38},"end":{"line":27,"column":2}},"loc":{"start":{"line":18,"column":38},"end":{"line":27,"column":2}},"line":18}},"f":{"0":6,"1":4}}
,"/Users/marvin/soft/ff-engine/src/types.ts": {"path":"/Users/marvin/soft/ff-engine/src/types.ts","all":true,"statementMap":{},"s":{},"branchMap":{"0":{"type":"branch","line":1,"loc":{"start":{"line":1,"column":966},"end":{"line":46,"column":1}},"locations":[{"start":{"line":1,"column":966},"end":{"line":46,"column":1}}]}},"b":{"0":[1]},"fnMap":{"0":{"name":"(empty-report)","decl":{"start":{"line":1,"column":966},"end":{"line":46,"column":1}},"loc":{"start":{"line":1,"column":966},"end":{"line":46,"column":1}},"line":1}},"f":{"0":1}}
}
